/*C1*/SET SCHEMA SYSTEM_LOBS
INSERT INTO BLOCKS VALUES(0,2147483647,0)
COMMIT
/*C3*/SET SCHEMA PUBLIC
\u000aCREATE TABLE public.ULTIMOLIDO (\u000a                ULT_LEITURA_COD NUMERIC(128)\u000a)
/*C7*/SET SCHEMA PUBLIC
DISCONNECT
/*C6*/SET SCHEMA PUBLIC
CREATE TABLE EVENTO (\u000a                CODEV INTEGER GENERATED BY DEFAULT AS IDENTITY,\u000a                SENSOR_NAME VARCHAR(64) NOT NULL,\u000a                RMS DOUBLE NOT NULL,\u000a                TIPO BOOLEAN,\u000a                VOLTS DOUBLE NOT NULL,\u000a                DATAHORA TIMESTAMP,\u000a                CONSTRAINT EVENTO_PK PRIMARY KEY (CODEV)\u000a)
CREATE TABLE COLETAS_EVENTO (\u000a                CODEV INTEGER NOT NULL,\u000a                POS_VETOR NUMERIC(128) NOT NULL,\u000a                VALOR_LIDO DOUBLE NOT NULL,\u000a                CONSTRAINT COLETAS_EVENTO_PK PRIMARY KEY (CODEV, POS_VETOR)\u000a)
CREATE INDEX SYS_IDX_10195\u000a ON COLETAS_EVENTO\u000a ( CODEV ASC )
CREATE TABLE HARM_IDENTIFICADA (\u000a                CODEV INTEGER NOT NULL,\u000a                POS_VETOR_HARM NUMERIC(128) NOT NULL,\u000a                VALOR_HARM_IDENT DOUBLE NOT NULL,\u000a                CONSTRAINT HARM_IDENTIFICADA_PK PRIMARY KEY (CODEV, POS_VETOR_HARM)\u000a)
CREATE INDEX SYS_IDX_10186\u000a ON HARM_IDENTIFICADA\u000a ( CODEV ASC )
CREATE TABLE FFT_EVENTO (\u000a                CODEV INTEGER NOT NULL,\u000a                POS_VETOR INTEGER NOT NULL,\u000a                SEN_VAL DOUBLE NOT NULL,\u000a                COS_VAL DOUBLE NOT NULL,\u000a                CONSTRAINT FFT_EVENTO_PK PRIMARY KEY (CODEV, POS_VETOR)\u000a)
\u000aCREATE INDEX SYS_IDX_10177\u000a ON FFT_EVENTO\u000a ( CODEV ASC )
CREATE TABLE FFT_IDENTIFIC (\u000a                CODEV INTEGER NOT NULL,\u000a                POS_VETOR INTEGER NOT NULL,\u000a                COS_VAL DOUBLE NOT NULL,\u000a                SEN_VAL DOUBLE NOT NULL,\u000a                CONSTRAINT FFT_IDENTIFIC_PK PRIMARY KEY (CODEV, POS_VETOR)\u000a)
CREATE INDEX SYS_IDX_10166\u000a ON FFT_IDENTIFIC\u000a ( CODEV ASC )
CREATE TABLE RMS_IDENTIFIC (\u000a                CODEV INTEGER NOT NULL,\u000a                RMS_IDENTIFIC DOUBLE NOT NULL,\u000a                CONSTRAINT RMS_IDENTIFIC_PK PRIMARY KEY (CODEV)\u000a)
CREATE INDEX SYS_IDX_10154\u000a ON RMS_IDENTIFIC\u000a ( CODEV ASC )
CREATE TABLE EQUIPAMENTO (\u000a                CODIGO INTEGER GENERATED BY DEFAULT AS IDENTITY,\u000a                NOME VARCHAR(64) NOT NULL,\u000a                EQUIP_DESC VARCHAR(255) NOT NULL,\u000a                CONSTRAINT EQUIPAMENTO_PK PRIMARY KEY (CODIGO)\u000a)
CREATE TABLE LEITURA_EQ (\u000a                LEITURA_COD INTEGER GENERATED BY DEFAULT AS IDENTITY,\u000a                RMS DOUBLE NOT NULL,\u000a                VOLTS DOUBLE NOT NULL,\u000a                CODIGO INTEGER NOT NULL,\u000a                CONSTRAINT LEITURA_EQ_PK PRIMARY KEY (LEITURA_COD)\u000a)
CREATE INDEX SYS_IDX_10105\u000a ON LEITURA_EQ\u000a ( CODIGO ASC )
CREATE TABLE FFT_AMOSTRA (\u000a                FFT_COD INTEGER GENERATED BY DEFAULT AS IDENTITY,\u000a                POS_VETOR NUMERIC(128) NOT NULL,\u000a                COSSENO DOUBLE NOT NULL,\u000a                SENO DOUBLE NOT NULL,\u000a                LEITURA_COD INTEGER NOT NULL,\u000a                CONSTRAINT FFT_AMOSTRA_PK PRIMARY KEY (FFT_COD)\u000a)
\u000aCREATE INDEX SYS_IDX_10140\u000a ON FFT_AMOSTRA\u000a ( LEITURA_COD ASC )
CREATE TABLE HARM_AMOSTRA (\u000a                HARM_COD INTEGER GENERATED BY DEFAULT AS IDENTITY,\u000a                HARMONICA INTEGER NOT NULL,\u000a                VALOR DOUBLE NOT NULL,\u000a                LEITURA_COD INTEGER NOT NULL,\u000a                CONSTRAINT HARM_AMOSTRA_PK PRIMARY KEY (HARM_COD)\u000a)
CREATE INDEX SYS_IDX_10127\u000a ON HARM_AMOSTRA\u000a ( LEITURA_COD ASC )
CREATE TABLE VAL_LEITURA (\u000a                VAL_LEITURA_COD INTEGER GENERATED BY DEFAULT AS IDENTITY,\u000a                POS_VETOR INTEGER NOT NULL,\u000a                VALOR_LIDO DOUBLE NOT NULL,\u000a                LEITURA_COD INTEGER NOT NULL,\u000a                CONSTRAINT VAL_LEITURA_PK PRIMARY KEY (VAL_LEITURA_COD)\u000a)
CREATE INDEX SYS_IDX_10116\u000a ON VAL_LEITURA\u000a ( LEITURA_COD ASC )
ALTER TABLE RMS_IDENTIFIC ADD CONSTRAINT EVENTO_RMS_IDENTIFIC_FK\u000aFOREIGN KEY (CODEV)\u000aREFERENCES EVENTO (CODEV)\u000aON DELETE NO ACTION\u000aON UPDATE NO ACTION
ALTER TABLE FFT_IDENTIFIC ADD CONSTRAINT EVENTO_FFT_IDENTIFIC_FK\u000aFOREIGN KEY (CODEV)\u000aREFERENCES EVENTO (CODEV)\u000aON DELETE NO ACTION\u000aON UPDATE NO ACTION
ALTER TABLE FFT_EVENTO ADD CONSTRAINT EVENTO_FFT_EVENTO_FK\u000aFOREIGN KEY (CODEV)\u000aREFERENCES EVENTO (CODEV)\u000aON DELETE NO ACTION\u000aON UPDATE NO ACTION
ALTER TABLE HARM_IDENTIFICADA ADD CONSTRAINT EVENTO_HARM_IDENTIFICADA_FK\u000aFOREIGN KEY (CODEV)\u000aREFERENCES EVENTO (CODEV)\u000aON DELETE NO ACTION\u000aON UPDATE NO ACTION
ALTER TABLE COLETAS_EVENTO ADD CONSTRAINT EVENTO_COLETAS_EVENTO_FK\u000aFOREIGN KEY (CODEV)\u000aREFERENCES EVENTO (CODEV)\u000aON DELETE NO ACTION\u000aON UPDATE NO ACTION
ALTER TABLE LEITURA_EQ ADD CONSTRAINT EQUIPAMENTO_LEITURA_EQ_FK\u000aFOREIGN KEY (CODIGO)\u000aREFERENCES EQUIPAMENTO (CODIGO)\u000aON DELETE NO ACTION\u000aON UPDATE NO ACTION
ALTER TABLE VAL_LEITURA ADD CONSTRAINT LEITURA_EQ_VALORES_AMOSTRA_FK\u000aFOREIGN KEY (LEITURA_COD)\u000aREFERENCES LEITURA_EQ (LEITURA_COD)\u000aON DELETE NO ACTION\u000aON UPDATE NO ACTION
ALTER TABLE HARM_AMOSTRA ADD CONSTRAINT LEITURA_EQ_HARM_AMOSTRA_FK\u000aFOREIGN KEY (LEITURA_COD)\u000aREFERENCES LEITURA_EQ (LEITURA_COD)\u000aON DELETE NO ACTION\u000aON UPDATE NO ACTION
ALTER TABLE FFT_AMOSTRA ADD CONSTRAINT LEITURA_EQ_FFT_AMOSTRA_FK\u000aFOREIGN KEY (LEITURA_COD)\u000aREFERENCES LEITURA_EQ (LEITURA_COD)\u000aON DELETE NO ACTION\u000aON UPDATE NO ACTION
DISCONNECT
/*C9*/SET SCHEMA PUBLIC
DISCONNECT
/*C8*/SET SCHEMA PUBLIC
DISCONNECT
/*C3*/DISCONNECT
/*C5*/SET SCHEMA PUBLIC
DISCONNECT
/*C2*/SET SCHEMA PUBLIC
DISCONNECT
/*C4*/SET SCHEMA PUBLIC
DISCONNECT
